[debug] ----------------------------------------------------------------------
[debug] Command:      /usr/local/bin/node /usr/local/bin/firebase serve
[debug] CLI Version:  3.6.0
[debug] Platform:     darwin
[debug] Node Version: v6.0.0
[debug] Time:         Wed Apr 19 2017 12:20:19 GMT+0100 (BST)
[debug] ----------------------------------------------------------------------
[debug] 
[debug] > command requires scopes: ["email","openid","https://www.googleapis.com/auth/cloudplatformprojects.readonly","https://www.googleapis.com/auth/firebase","https://www.googleapis.com/auth/cloud-platform"]
[debug] > refreshing access token with scopes: ["email","https://www.googleapis.com/auth/cloud-platform","https://www.googleapis.com/auth/cloudplatformprojects.readonly","https://www.googleapis.com/auth/firebase","openid"]
[debug] >>> HTTP REQUEST POST https://www.googleapis.com/oauth2/v3/token { refresh_token: '1/KjP6LmIxnbegdlxkX7ECsmG7oWP2g4l6jj53BwZxyReiUnJqZXmkj_L695rBDv1C',
  client_id: '563584335869-fgrhgmd47bqnekij5i8b5pr03ho849e6.apps.googleusercontent.com',
  client_secret: 'j9iVZfS8kkCEFUPaAeJV0sAi',
  grant_type: 'refresh_token',
  scope: 'email https://www.googleapis.com/auth/cloud-platform https://www.googleapis.com/auth/cloudplatformprojects.readonly https://www.googleapis.com/auth/firebase openid' } 
 Wed Apr 19 2017 12:20:19 GMT+0100 (BST)
[debug] <<< HTTP RESPONSE 200
[debug] >>> HTTP REQUEST GET https://admin.firebase.com/v1/projects/countrycart-b276a  
 Wed Apr 19 2017 12:20:19 GMT+0100 (BST)
[debug] <<< HTTP RESPONSE 200
[debug] >>> HTTP REQUEST GET https://admin.firebase.com/v1/database/countrycart-b276a/tokens  
 Wed Apr 19 2017 12:20:20 GMT+0100 (BST)
[debug] <<< HTTP RESPONSE 200
[info] Starting Firebase development server...
[info] 
[info] Project Directory: /Users/justing/workspace/CountryCartApp/cc-webapp
[debug] >>> HTTP REQUEST GET https://cloudresourcemanager.googleapis.com/v1/projects/countrycart-b276a  
 Wed Apr 19 2017 12:20:20 GMT+0100 (BST)
[debug] <<< HTTP RESPONSE 200
[debug] >>> HTTP REQUEST GET https://mobilesdk-pa.googleapis.com/v1/projects/717738134028/clients/_:getWebAppConfig  
 Wed Apr 19 2017 12:20:21 GMT+0100 (BST)
[debug] <<< HTTP RESPONSE 200
[info] Public Directory: CountryCart
[info] 
[info] Server listening at: http://localhost:5000
